[INFO] Scanning for projects...
[INFO] 
[INFO] ------------------------< com.examly:springapp >------------------------
[INFO] Building crm-system 0.0.1-SNAPSHOT
[INFO]   from pom.xml
[INFO] --------------------------------[ jar ]---------------------------------
[INFO] 
[INFO] >>> spring-boot:3.4.0:run (default-cli) > test-compile @ springapp >>>
[INFO] 
[INFO] --- resources:3.3.1:resources (default-resources) @ springapp ---
[INFO] Copying 1 resource from src/main/resources to target/classes
[INFO] Copying 0 resource from src/main/resources to target/classes
[INFO] 
[INFO] --- compiler:3.13.0:compile (default-compile) @ springapp ---
[INFO] Nothing to compile - all classes are up to date.
[INFO] 
[INFO] --- resources:3.3.1:testResources (default-testResources) @ springapp ---
[INFO] Copying 1 resource from src/test/resources to target/test-classes
[INFO] 
[INFO] --- compiler:3.13.0:testCompile (default-testCompile) @ springapp ---
[INFO] Nothing to compile - all classes are up to date.
[INFO] 
[INFO] <<< spring-boot:3.4.0:run (default-cli) < test-compile @ springapp <<<
[INFO] 
[INFO] 
[INFO] --- spring-boot:3.4.0:run (default-cli) @ springapp ---
[INFO] Attaching agents: []

  .   ____          _            __ _ _
 /\\ / ___'_ __ _ _(_)_ __  __ _ \ \ \ \
( ( )\___ | '_ | '_| | '_ \/ _` | \ \ \ \
 \\/  ___)| |_)| | | | | || (_| |  ) ) ) )
  '  |____| .__|_| |_|_| |_\__, | / / / /
 =========|_|==============|___/=/_/_/_/

 :: Spring Boot ::                (v3.4.0)

2025-08-20T22:13:12.643+05:30  INFO 30448 --- [           main] c.examly.springapp.CrmSystemApplication  : Starting CrmSystemApplication using Java 17.0.16 with PID 30448 (/Users/ahamed/Downloads/atheeq srs completed /springapp/target/classes started by ahamed in /Users/ahamed/Downloads/atheeq srs completed /springapp)
2025-08-20T22:13:12.644+05:30  INFO 30448 --- [           main] c.examly.springapp.CrmSystemApplication  : No active profile set, falling back to 1 default profile: "default"
2025-08-20T22:13:13.214+05:30  INFO 30448 --- [           main] .s.d.r.c.RepositoryConfigurationDelegate : Bootstrapping Spring Data JPA repositories in DEFAULT mode.
2025-08-20T22:13:13.257+05:30  INFO 30448 --- [           main] .s.d.r.c.RepositoryConfigurationDelegate : Finished Spring Data repository scanning in 34 ms. Found 3 JPA repository interfaces.
2025-08-20T22:13:13.588+05:30  INFO 30448 --- [           main] o.s.b.w.embedded.tomcat.TomcatWebServer  : Tomcat initialized with port 8080 (http)
2025-08-20T22:13:13.596+05:30  INFO 30448 --- [           main] o.apache.catalina.core.StandardService   : Starting service [Tomcat]
2025-08-20T22:13:13.596+05:30  INFO 30448 --- [           main] o.apache.catalina.core.StandardEngine    : Starting Servlet engine: [Apache Tomcat/10.1.33]
2025-08-20T22:13:13.628+05:30  INFO 30448 --- [           main] o.a.c.c.C.[Tomcat].[localhost].[/]       : Initializing Spring embedded WebApplicationContext
2025-08-20T22:13:13.629+05:30  INFO 30448 --- [           main] w.s.c.ServletWebServerApplicationContext : Root WebApplicationContext: initialization completed in 942 ms
2025-08-20T22:13:13.740+05:30  INFO 30448 --- [           main] o.hibernate.jpa.internal.util.LogHelper  : HHH000204: Processing PersistenceUnitInfo [name: default]
2025-08-20T22:13:13.767+05:30  INFO 30448 --- [           main] org.hibernate.Version                    : HHH000412: Hibernate ORM core version 6.6.2.Final
2025-08-20T22:13:13.784+05:30  INFO 30448 --- [           main] o.h.c.internal.RegionFactoryInitiator    : HHH000026: Second-level cache disabled
2025-08-20T22:13:13.924+05:30  INFO 30448 --- [           main] o.s.o.j.p.SpringPersistenceUnitInfo      : No LoadTimeWeaver setup: ignoring JPA class transformer
2025-08-20T22:13:13.941+05:30  INFO 30448 --- [           main] com.zaxxer.hikari.HikariDataSource       : HikariPool-1 - Starting...
2025-08-20T22:13:14.130+05:30  INFO 30448 --- [           main] com.zaxxer.hikari.pool.HikariPool        : HikariPool-1 - Added connection com.mysql.cj.jdbc.ConnectionImpl@5b3755f4
2025-08-20T22:13:14.131+05:30  INFO 30448 --- [           main] com.zaxxer.hikari.HikariDataSource       : HikariPool-1 - Start completed.
2025-08-20T22:13:14.170+05:30  WARN 30448 --- [           main] org.hibernate.orm.deprecation            : HHH90000025: MySQLDialect does not need to be specified explicitly using 'hibernate.dialect' (remove the property setting and it will be selected by default)
2025-08-20T22:13:14.182+05:30  INFO 30448 --- [           main] org.hibernate.orm.connections.pooling    : HHH10001005: Database info:
	Database JDBC URL [Connecting through datasource 'HikariDataSource (HikariPool-1)']
	Database driver: undefined/unknown
	Database version: 9.3
	Autocommit mode: undefined/unknown
	Isolation level: undefined/unknown
	Minimum pool size: undefined/unknown
	Maximum pool size: undefined/unknown
2025-08-20T22:13:14.757+05:30  INFO 30448 --- [           main] o.h.e.t.j.p.i.JtaPlatformInitiator       : HHH000489: No JTA platform available (set 'hibernate.transaction.jta.platform' to enable JTA platform integration)
2025-08-20T22:13:14.809+05:30  INFO 30448 --- [           main] j.LocalContainerEntityManagerFactoryBean : Initialized JPA EntityManagerFactory for persistence unit 'default'
2025-08-20T22:13:15.026+05:30  INFO 30448 --- [           main] o.s.d.j.r.query.QueryEnhancerFactory     : Hibernate is in classpath; If applicable, HQL parser will be used.
2025-08-20T22:13:15.292+05:30  WARN 30448 --- [           main] JpaBaseConfiguration$JpaWebConfiguration : spring.jpa.open-in-view is enabled by default. Therefore, database queries may be performed during view rendering. Explicitly configure spring.jpa.open-in-view to disable this warning
2025-08-20T22:13:15.306+05:30  WARN 30448 --- [           main] .s.s.UserDetailsServiceAutoConfiguration : 

Using generated security password: f469b72e-1e2b-42b8-9003-2a57eaf4f816

This generated password is for development use only. Your security configuration must be updated before running your application in production.

2025-08-20T22:13:15.310+05:30  INFO 30448 --- [           main] r$InitializeUserDetailsManagerConfigurer : Global AuthenticationManager configured with UserDetailsService bean with name inMemoryUserDetailsManager
2025-08-20T22:13:15.687+05:30  INFO 30448 --- [           main] o.s.b.w.embedded.tomcat.TomcatWebServer  : Tomcat started on port 8080 (http) with context path '/'
2025-08-20T22:13:15.694+05:30  INFO 30448 --- [           main] c.examly.springapp.CrmSystemApplication  : Started CrmSystemApplication in 3.39 seconds (process running for 3.692)
Hibernate: 
    select
        u1_0.id 
    from
        users u1_0 
    where
        u1_0.username=? 
    limit
        ?
Hibernate: 
    select
        u1_0.id 
    from
        users u1_0 
    where
        u1_0.username=? 
    limit
        ?
Default users created:
Admin - username: admin, password: admin123
Sales Rep - username: sales, password: sales123
2025-08-20T22:13:26.351+05:30  INFO 30448 --- [nio-8080-exec-2] o.a.c.c.C.[Tomcat].[localhost].[/]       : Initializing Spring DispatcherServlet 'dispatcherServlet'
2025-08-20T22:13:26.352+05:30  INFO 30448 --- [nio-8080-exec-2] o.s.web.servlet.DispatcherServlet        : Initializing Servlet 'dispatcherServlet'
2025-08-20T22:13:26.352+05:30  INFO 30448 --- [nio-8080-exec-2] o.s.web.servlet.DispatcherServlet        : Completed initialization in 0 ms
2025-08-20T22:13:26.420+05:30  INFO 30448 --- [nio-8080-exec-2] c.examly.springapp.service.AuthService   : Login attempt for username: admin
Hibernate: 
    select
        u1_0.id,
        u1_0.password,
        u1_0.role,
        u1_0.username 
    from
        users u1_0 
    where
        u1_0.username=?
2025-08-20T22:13:26.431+05:30  INFO 30448 --- [nio-8080-exec-2] c.examly.springapp.service.AuthService   : User found: admin
2025-08-20T22:13:26.431+05:30  INFO 30448 --- [nio-8080-exec-2] c.examly.springapp.service.AuthService   : Stored password hash: $2a$10$Snqn244qesU/bGhIMATw5.dzz8z5yLe2vJKm1Nv5D6JmwZQMW9kfW
2025-08-20T22:13:26.431+05:30  INFO 30448 --- [nio-8080-exec-2] c.examly.springapp.service.AuthService   : Input password: admin123
2025-08-20T22:13:26.526+05:30  INFO 30448 --- [nio-8080-exec-2] c.examly.springapp.service.AuthService   : Password matches: true
2025-08-20T22:13:26.526+05:30  INFO 30448 --- [nio-8080-exec-2] c.examly.springapp.service.JwtService    : Generating JWT token for user: admin
2025-08-20T22:13:26.527+05:30  INFO 30448 --- [nio-8080-exec-2] c.examly.springapp.service.JwtService    : JWT secret length: 84
2025-08-20T22:13:26.527+05:30  INFO 30448 --- [nio-8080-exec-2] c.examly.springapp.service.JwtService    : JWT expiration: 86400000 ms
2025-08-20T22:13:26.527+05:30  INFO 30448 --- [nio-8080-exec-2] c.examly.springapp.service.JwtService    : JWT claims: {role=ADMIN}
2025-08-20T22:13:26.543+05:30  INFO 30448 --- [nio-8080-exec-2] c.examly.springapp.service.JwtService    : JWT token generated successfully, length: 151
2025-08-20T22:13:26.543+05:30  INFO 30448 --- [nio-8080-exec-2] c.examly.springapp.service.AuthService   : JWT token generated successfully
2025-08-20T22:16:00.270+05:30  INFO 30448 --- [ionShutdownHook] o.s.b.w.e.tomcat.GracefulShutdown        : Commencing graceful shutdown. Waiting for active requests to complete
2025-08-20T22:16:00.274+05:30  INFO 30448 --- [tomcat-shutdown] o.s.b.w.e.tomcat.GracefulShutdown        : Graceful shutdown complete
2025-08-20T22:16:00.277+05:30  INFO 30448 --- [ionShutdownHook] j.LocalContainerEntityManagerFactoryBean : Closing JPA EntityManagerFactory for persistence unit 'default'
2025-08-20T22:16:00.278+05:30  INFO 30448 --- [ionShutdownHook] com.zaxxer.hikari.HikariDataSource       : HikariPool-1 - Shutdown initiated...
2025-08-20T22:16:00.282+05:30  INFO 30448 --- [ionShutdownHook] com.zaxxer.hikari.HikariDataSource       : HikariPool-1 - Shutdown completed.
